  NMG.cpp
D:\WORK STUFF DRIVE\Uni work\networking\NetMultiICA\0 NMG ICA\NMG\NMG.cpp(327,28): warning C4244: '=': conversion from 'int' to 'T', possible loss of data
          with
          [
              T=float
          ]
D:\WORK STUFF DRIVE\Uni work\networking\NetMultiICA\0 NMG ICA\NMG\NMG.cpp(328,29): warning C4244: '=': conversion from 'int' to 'T', possible loss of data
          with
          [
              T=float
          ]
D:\WORK STUFF DRIVE\Uni work\networking\NetMultiICA\0 NMG ICA\NMG\NMG.cpp(373,40): warning C4244: '+=': conversion from 'double' to 'T', possible loss of data
          with
          [
              T=float
          ]
D:\WORK STUFF DRIVE\Uni work\networking\NetMultiICA\0 NMG ICA\NMG\NMG.cpp(374,40): warning C4244: '+=': conversion from 'double' to 'T', possible loss of data
          with
          [
              T=float
          ]
D:\WORK STUFF DRIVE\Uni work\networking\NetMultiICA\0 NMG ICA\NMG\NMG.cpp(375,40): warning C4244: '-=': conversion from 'double' to 'T', possible loss of data
          with
          [
              T=float
          ]
D:\WORK STUFF DRIVE\Uni work\networking\NetMultiICA\0 NMG ICA\NMG\NMG.cpp(376,40): warning C4244: '-=': conversion from 'double' to 'T', possible loss of data
          with
          [
              T=float
          ]
D:\WORK STUFF DRIVE\Uni work\networking\NetMultiICA\0 NMG ICA\NMG\NMG.cpp(377,39): warning C4244: '=': conversion from 'T' to 'int', possible loss of data
          with
          [
              T=float
          ]
D:\WORK STUFF DRIVE\Uni work\networking\NetMultiICA\0 NMG ICA\NMG\NMG.cpp(378,39): warning C4244: '=': conversion from 'T' to 'int', possible loss of data
          with
          [
              T=float
          ]
D:\WORK STUFF DRIVE\Uni work\networking\NetMultiICA\0 NMG ICA\NMG\NMG.cpp(436,54): warning C4244: 'argument': conversion from 'double' to 'float', possible loss of data
  TCPServer.cpp
D:\WORK STUFF DRIVE\Uni work\networking\NetMultiICA\0 NMG ICA\NMG\TCPServer.cpp(103,43): warning C4267: '=': conversion from 'size_t' to 'unsigned short', possible loss of data
  Generating code
  Previous IPDB not found, fall back to full compilation.
D:\WORK STUFF DRIVE\Uni work\networking\NetMultiICA\0 NMG ICA\NMG\Messaage.h(68): warning C4715: 'operator>>': not all control paths return a value
  All 631 functions were compiled because no usable IPDB/IOBJ from previous compilation was found.
  Finished generating code
  NMG.vcxproj -> D:\WORK STUFF DRIVE\Uni work\networking\NetMultiICA\0 NMG ICA\x64\Release\NMG.exe
